<?xml version="1.0" encoding="UTF-8"?>
<!-- Generated by org.testng.reporters.JUnitReportReporter -->
<testsuite hostname="admin" failures="0" tests="5" name="L24_TestNG.EX05_Keyword1_invocationCount" time="0.014" errors="0" timestamp="2024-06-20T08:22:35 IST" skipped="0">
  <testcase classname="L24_TestNG.EX05_Keyword1_invocationCount" name="TC1" time="0.001">
    <system-out>
      <![CDATA[--running TC1--]]>
    </system-out>
  </testcase> <!-- TC1 -->
  <testcase classname="L24_TestNG.EX05_Keyword1_invocationCount" name="TC1" time="0.001">
    <system-out>
      <![CDATA[--running TC1--]]>
    </system-out>
  </testcase> <!-- TC1 -->
  <testcase classname="L24_TestNG.EX05_Keyword1_invocationCount" name="TC1" time="0.001">
    <system-out>
      <![CDATA[--running TC1--]]>
    </system-out>
  </testcase> <!-- TC1 -->
  <testcase classname="L24_TestNG.EX05_Keyword1_invocationCount" name="TC1" time="0.001">
    <system-out>
      <![CDATA[--running TC1--]]>
    </system-out>
  </testcase> <!-- TC1 -->
  <testcase classname="L24_TestNG.EX05_Keyword1_invocationCount" name="TC1" time="0.010">
    <system-out>
      <![CDATA[--running TC1--]]>
    </system-out>
  </testcase> <!-- TC1 -->
  <system-out>
    <![CDATA[--running TC1--
--running TC1--
--running TC1--
--running TC1--
--running TC1--]]>
  </system-out>
</testsuite> <!-- L24_TestNG.EX05_Keyword1_invocationCount -->
