<?xml version="1.0" encoding="UTF-8"?>
<!-- Generated by org.testng.reporters.JUnitReportReporter -->
<testsuite hostname="admin" failures="0" tests="1" name="L24_TestNG.Ex07_Assertion_assertNull" time="0.011" errors="0" timestamp="2024-06-23T08:00:37 IST" skipped="0">
  <testcase classname="L24_TestNG.Ex07_Assertion_assertNull" name="TC1" time="0.011">
    <system-out>
      <![CDATA[hi]]>
    </system-out>
  </testcase> <!-- TC1 -->
  <system-out>
    <![CDATA[hi]]>
  </system-out>
</testsuite> <!-- L24_TestNG.Ex07_Assertion_assertNull -->
