<?xml version="1.0" encoding="UTF-8"?>
<!-- Generated by org.testng.reporters.JUnitReportReporter -->
<testsuite hostname="admin" failures="0" tests="1" name="L24_TestNG.Ex02_TestNg_TestClass" time="5.094" errors="0" timestamp="2024-06-18T23:27:32 IST" skipped="0">
  <testcase classname="L24_TestNG.Ex02_TestNg_TestClass" name="TC1" time="5.094"/>
</testsuite> <!-- L24_TestNG.Ex02_TestNg_TestClass -->
