<?xml version="1.0" encoding="UTF-8"?>
<!-- Generated by org.testng.reporters.JUnitReportReporter -->
<testsuite hostname="admin" failures="0" tests="3" name="L24_TestNG.Ex11_Sample2" time="0.002" errors="0" timestamp="2024-06-28T08:20:22 IST" skipped="0">
  <testcase classname="L24_TestNG.Ex11_Sample2" name="TC6" time="0.001">
    <system-out>
      <![CDATA[--run TC6-- ]]>
    </system-out>
  </testcase> <!-- TC6 -->
  <testcase classname="L24_TestNG.Ex11_Sample2" name="TC8" time="0.000">
    <system-out>
      <![CDATA[--run TC8-- ]]>
    </system-out>
  </testcase> <!-- TC8 -->
  <testcase classname="L24_TestNG.Ex11_Sample2" name="TC5" time="0.001">
    <system-out>
      <![CDATA[--run TC5-- ]]>
    </system-out>
  </testcase> <!-- TC5 -->
  <system-out>
    <![CDATA[--run TC1-- 
--run TC2-- 
--run TC3-- 
--run TC5-- 
--run TC6-- 
--run TC8-- ]]>
  </system-out>
</testsuite> <!-- L24_TestNG.Ex11_Sample2 -->
