<?xml version="1.0" encoding="UTF-8"?>
<!-- Generated by org.testng.reporters.JUnitReportReporter -->
<testsuite hostname="admin" failures="0" tests="3" name="L24_TestNG.Ex11_Sample1" time="0.016" errors="0" timestamp="2024-06-28T08:20:22 IST" skipped="0">
  <testcase classname="L24_TestNG.Ex11_Sample1" name="TC1" time="0.012">
    <system-out>
      <![CDATA[--run TC1-- ]]>
    </system-out>
  </testcase> <!-- TC1 -->
  <testcase classname="L24_TestNG.Ex11_Sample1" name="TC3" time="0.002">
    <system-out>
      <![CDATA[--run TC3-- ]]>
    </system-out>
  </testcase> <!-- TC3 -->
  <testcase classname="L24_TestNG.Ex11_Sample1" name="TC2" time="0.002">
    <system-out>
      <![CDATA[--run TC2-- ]]>
    </system-out>
  </testcase> <!-- TC2 -->
  <system-out>
    <![CDATA[--run TC1-- 
--run TC2-- 
--run TC3-- 
--run TC5-- 
--run TC6-- 
--run TC8-- ]]>
  </system-out>
</testsuite> <!-- L24_TestNG.Ex11_Sample1 -->
