<?xml version="1.0" encoding="UTF-8"?>
<!-- Generated by org.testng.reporters.JUnitReportReporter -->
<testsuite hostname="admin" failures="0" tests="3" name="L24_TestNG.Ex06_Sample1" time="0.015" errors="0" timestamp="2024-06-21T13:48:48 IST" skipped="0">
  <testcase classname="L24_TestNG.Ex06_Sample1" name="TC1" time="0.011">
    <system-out>
      <![CDATA[--runnning TC1---]]>
    </system-out>
  </testcase> <!-- TC1 -->
  <testcase classname="L24_TestNG.Ex06_Sample1" name="TC2" time="0.002">
    <system-out>
      <![CDATA[--runnning TC2---]]>
    </system-out>
  </testcase> <!-- TC2 -->
  <testcase classname="L24_TestNG.Ex06_Sample1" name="TC3" time="0.002">
    <system-out>
      <![CDATA[--runnning TC3---]]>
    </system-out>
  </testcase> <!-- TC3 -->
  <system-out>
    <![CDATA[--runnning TC1---
--runnning TC2---
--runnning TC3---
--runnning TC4---
--runnning TC5---
--runnning TC6---]]>
  </system-out>
</testsuite> <!-- L24_TestNG.Ex06_Sample1 -->
