<?xml version="1.0" encoding="UTF-8"?>
<!-- Generated by org.testng.reporters.JUnitReportReporter -->
<testsuite hostname="admin" failures="0" tests="3" name="L24_TestNG.Ex05_Keyword5_dependsOnMethod2" time="0.015" errors="0" timestamp="2024-06-21T13:32:14 IST" skipped="0">
  <testcase classname="L24_TestNG.Ex05_Keyword5_dependsOnMethod2" name="login1" time="0.010">
    <system-out>
      <![CDATA[---Running login1----]]>
    </system-out>
  </testcase> <!-- login1 -->
  <testcase classname="L24_TestNG.Ex05_Keyword5_dependsOnMethod2" name="logout" time="0.003">
    <system-out>
      <![CDATA[---Running logout----]]>
    </system-out>
  </testcase> <!-- logout -->
  <testcase classname="L24_TestNG.Ex05_Keyword5_dependsOnMethod2" name="login2" time="0.002">
    <system-out>
      <![CDATA[---Running login2----]]>
    </system-out>
  </testcase> <!-- login2 -->
  <system-out>
    <![CDATA[---Running login1----
---Running login2----
---Running logout----]]>
  </system-out>
</testsuite> <!-- L24_TestNG.Ex05_Keyword5_dependsOnMethod2 -->
