<?xml version="1.0" encoding="UTF-8"?>
<!-- Generated by org.testng.reporters.JUnitReportReporter -->
<testsuite hostname="admin" failures="0" tests="1" name="L26_POM_DDF_TestNG_BaseClass_UtilityClass.SwagLabsTest" time="13.080" errors="0" timestamp="2024-06-29T09:15:58 IST" skipped="0">
  <testcase classname="L26_POM_DDF_TestNG_BaseClass_UtilityClass.SwagLabsTest" name="verifyLogin" time="13.080"/>
</testsuite> <!-- L26_POM_DDF_TestNG_BaseClass_UtilityClass.SwagLabsTest -->
