<?xml version="1.0" encoding="UTF-8"?>
<!-- Generated by org.testng.reporters.JUnitReportReporter -->
<testsuite hostname="admin" failures="0" tests="3" name="L24_TestNG.Ex13_multiBrowserTesting" time="83.135" errors="0" timestamp="2024-06-27T10:46:32 IST" skipped="0">
  <testcase classname="L24_TestNG.Ex13_multiBrowserTesting" name="login" time="56.821"/>
  <testcase classname="L24_TestNG.Ex13_multiBrowserTesting" name="login" time="12.066"/>
  <testcase classname="L24_TestNG.Ex13_multiBrowserTesting" name="login" time="14.248"/>
</testsuite> <!-- L24_TestNG.Ex13_multiBrowserTesting -->
