<?xml version="1.0" encoding="UTF-8"?>
<!-- Generated by org.testng.reporters.JUnitReportReporter -->
<testsuite hostname="admin" failures="0" tests="1" name="L24_TestNG.Ex12_Parallel2" time="5.603" errors="0" timestamp="2024-06-26T07:52:12 IST" skipped="0">
  <testcase classname="L24_TestNG.Ex12_Parallel2" name="openFacebookApp" time="5.603">
    <system-out>
      <![CDATA[--open facebook App--]]>
    </system-out>
  </testcase> <!-- openFacebookApp -->
  <system-out>
    <![CDATA[--open facebook App--
--open Flipkart App--
--open Google App--
--open Flipkart App--]]>
  </system-out>
</testsuite> <!-- L24_TestNG.Ex12_Parallel2 -->
