<?xml version="1.0" encoding="UTF-8"?>
<!-- Generated by org.testng.reporters.JUnitReportReporter -->
<testsuite hostname="admin" failures="0" tests="2" name="L24_TestNG.Ex09_Sample2" time="0.012" errors="0" timestamp="2024-06-25T08:52:05 IST" skipped="0">
  <testcase classname="L24_TestNG.Ex09_Sample2" name="TC4" time="0.010">
    <system-out>
      <![CDATA[TC4]]>
    </system-out>
  </testcase> <!-- TC4 -->
  <testcase classname="L24_TestNG.Ex09_Sample2" name="TC5" time="0.002">
    <system-out>
      <![CDATA[TC5]]>
    </system-out>
  </testcase> <!-- TC5 -->
  <system-out>
    <![CDATA[TC4
TC5
TC2
TC3]]>
  </system-out>
</testsuite> <!-- L24_TestNG.Ex09_Sample2 -->
