<?xml version="1.0" encoding="UTF-8"?>
<!-- Generated by org.testng.reporters.JUnitReportReporter -->
<testsuite hostname="admin" failures="0" tests="3" name="L24_TestNG.Ex05_Keyword2_EnableFalse" time="0.008" errors="0" timestamp="2024-06-20T08:27:12 IST" skipped="2">
  <testcase classname="L24_TestNG.Ex05_Keyword2_EnableFalse" name="TC3" time="0.008">
    <system-out>
      <![CDATA[---running TC3----]]>
    </system-out>
  </testcase> <!-- TC3 -->
  <testcase classname="L24_TestNG.Ex05_Keyword2_EnableFalse" name="TC2">
    <skipped/>
  </testcase> <!-- TC2 -->
  <testcase classname="L24_TestNG.Ex05_Keyword2_EnableFalse" name="TC1">
    <skipped/>
  </testcase> <!-- TC1 -->
  <system-out>
    <![CDATA[---running TC3----]]>
  </system-out>
</testsuite> <!-- L24_TestNG.Ex05_Keyword2_EnableFalse -->
