<?xml version="1.0" encoding="UTF-8"?>
<!-- Generated by org.testng.reporters.JUnitReportReporter -->
<testsuite hostname="admin" failures="0" tests="1" name="POM_DDF_TestNG.SwagLabsTest" time="0.604" errors="0" timestamp="2024-06-28T08:17:59 IST" skipped="0">
  <testcase classname="POM_DDF_TestNG.SwagLabsTest" name="verifyLogin" time="0.604"/>
</testsuite> <!-- POM_DDF_TestNG.SwagLabsTest -->
