<?xml version="1.0" encoding="UTF-8"?>
<!-- Generated by org.testng.reporters.JUnitReportReporter -->
<testsuite hostname="admin" failures="0" tests="1" name="L24_TestNG.Ex10_Sample1" time="0.032" errors="0" timestamp="2024-06-30T16:28:07 IST" skipped="0">
  <testcase classname="L24_TestNG.Ex10_Sample1" name="TC2" time="0.032">
    <system-out>
      <![CDATA[TC2]]>
    </system-out>
  </testcase> <!-- TC2 -->
  <system-out>
    <![CDATA[TC2]]>
  </system-out>
</testsuite> <!-- L24_TestNG.Ex10_Sample1 -->
