<?xml version="1.0" encoding="UTF-8"?>
<!-- Generated by org.testng.reporters.JUnitReportReporter -->
<testsuite hostname="admin" failures="0" tests="2" name="L24_TestNG.Ex04_Annotations" time="0.010" errors="0" timestamp="2024-06-20T08:02:39 IST" skipped="0">
  <testcase classname="L24_TestNG.Ex04_Annotations" name="TC1" time="0.007">
    <system-out>
      <![CDATA[---running TC1----]]>
    </system-out>
  </testcase> <!-- TC1 -->
  <testcase classname="L24_TestNG.Ex04_Annotations" name="TC2" time="0.003">
    <system-out>
      <![CDATA[---running TC2----]]>
    </system-out>
  </testcase> <!-- TC2 -->
  <system-out>
    <![CDATA[---open Browser----
---login to app----
---running TC1----
---logout To App----
---login to app----
---running TC2----
---logout To App----
---close Browser----]]>
  </system-out>
</testsuite> <!-- L24_TestNG.Ex04_Annotations -->
