<?xml version="1.0" encoding="UTF-8"?>
<!-- Generated by org.testng.reporters.JUnitReportReporter -->
<testsuite hostname="admin" failures="0" tests="3" name="L24_TestNG.Ex09_DisableTestMethod_TestClass" time="0.016" errors="0" timestamp="2024-06-25T08:37:12 IST" skipped="1">
  <testcase classname="L24_TestNG.Ex09_DisableTestMethod_TestClass" name="TC3" time="0.002">
    <system-out>
      <![CDATA[TC3]]>
    </system-out>
  </testcase> <!-- TC3 -->
  <testcase classname="L24_TestNG.Ex09_DisableTestMethod_TestClass" name="TC1" time="0.014">
    <system-out>
      <![CDATA[TC1]]>
    </system-out>
  </testcase> <!-- TC1 -->
  <testcase classname="L24_TestNG.Ex09_DisableTestMethod_TestClass" name="TC2">
    <skipped/>
  </testcase> <!-- TC2 -->
  <system-out>
    <![CDATA[TC1
TC3]]>
  </system-out>
</testsuite> <!-- L24_TestNG.Ex09_DisableTestMethod_TestClass -->
