<?xml version="1.0" encoding="UTF-8"?>
<!-- Generated by org.testng.reporters.JUnitReportReporter -->
<testsuite hostname="admin" failures="0" tests="1" name="L25_POM_DDF_TestNG.SwagLabsTest" time="12.511" errors="0" timestamp="2024-06-28T08:32:42 IST" skipped="0">
  <testcase classname="L25_POM_DDF_TestNG.SwagLabsTest" name="verifyLogin" time="12.511"/>
</testsuite> <!-- L25_POM_DDF_TestNG.SwagLabsTest -->
