<?xml version="1.0" encoding="UTF-8"?>
<!-- Generated by org.testng.reporters.JUnitReportReporter -->
<testsuite hostname="admin" failures="0" tests="2" name="L24_TestNG.Ex12_Parallel3" time="11.123" errors="0" timestamp="2024-06-26T07:52:12 IST" skipped="0">
  <testcase classname="L24_TestNG.Ex12_Parallel3" name="openfacebookApp" time="6.288">
    <system-out>
      <![CDATA[--open Flipkart App--]]>
    </system-out>
  </testcase> <!-- openfacebookApp -->
  <testcase classname="L24_TestNG.Ex12_Parallel3" name="openfacebookApp" time="4.835">
    <system-out>
      <![CDATA[--open Flipkart App--]]>
    </system-out>
  </testcase> <!-- openfacebookApp -->
  <system-out>
    <![CDATA[--open facebook App--
--open Flipkart App--
--open Google App--
--open Flipkart App--]]>
  </system-out>
</testsuite> <!-- L24_TestNG.Ex12_Parallel3 -->
