<?xml version="1.0" encoding="UTF-8"?>
<!-- Generated by org.testng.reporters.JUnitReportReporter -->
<testsuite hostname="admin" failures="0" tests="3" name="L24_TestNG.Ex05_Keyword3_priority1" time="0.011" errors="0" timestamp="2024-06-20T08:32:19 IST" skipped="0">
  <testcase classname="L24_TestNG.Ex05_Keyword3_priority1" name="TC2" time="0.009">
    <system-out>
      <![CDATA[--running TC2---]]>
    </system-out>
  </testcase> <!-- TC2 -->
  <testcase classname="L24_TestNG.Ex05_Keyword3_priority1" name="TC3" time="0.001">
    <system-out>
      <![CDATA[--running TC3---]]>
    </system-out>
  </testcase> <!-- TC3 -->
  <testcase classname="L24_TestNG.Ex05_Keyword3_priority1" name="TC1" time="0.001">
    <system-out>
      <![CDATA[--running TC1---]]>
    </system-out>
  </testcase> <!-- TC1 -->
  <system-out>
    <![CDATA[--running TC2---
--running TC3---
--running TC1---]]>
  </system-out>
</testsuite> <!-- L24_TestNG.Ex05_Keyword3_priority1 -->
