<?xml version="1.0" encoding="UTF-8"?>
<!-- Generated by org.testng.reporters.JUnitReportReporter -->
<testsuite hostname="admin" failures="0" tests="3" name="L24_TestNG.Ex10_Sample2" time="0.004" errors="0" timestamp="2024-06-30T16:27:08 IST" skipped="0">
  <testcase classname="L24_TestNG.Ex10_Sample2" name="TC6" time="0.001">
    <system-out>
      <![CDATA[TC6]]>
    </system-out>
  </testcase> <!-- TC6 -->
  <testcase classname="L24_TestNG.Ex10_Sample2" name="TC4" time="0.002">
    <system-out>
      <![CDATA[TC5]]>
    </system-out>
  </testcase> <!-- TC4 -->
  <testcase classname="L24_TestNG.Ex10_Sample2" name="TC5" time="0.001">
    <system-out>
      <![CDATA[TC5]]>
    </system-out>
  </testcase> <!-- TC5 -->
  <system-out>
    <![CDATA[TC3
TC5
TC5
TC6]]>
  </system-out>
</testsuite> <!-- L24_TestNG.Ex10_Sample2 -->
