<?xml version="1.0" encoding="UTF-8"?>
<!-- Generated by org.testng.reporters.JUnitReportReporter -->
<testsuite hostname="admin" failures="0" tests="1" name="L24_TestNG.Ex05_Keyword4_Timeout" time="4.024" errors="0" timestamp="2024-06-21T13:15:38 IST" skipped="0">
  <testcase classname="L24_TestNG.Ex05_Keyword4_Timeout" name="TC1" time="4.024">
    <system-out>
      <![CDATA[--running TC1---]]>
    </system-out>
  </testcase> <!-- TC1 -->
  <system-out>
    <![CDATA[--running TC1---]]>
  </system-out>
</testsuite> <!-- L24_TestNG.Ex05_Keyword4_Timeout -->
