<?xml version="1.0" encoding="UTF-8"?>
<!-- Generated by org.testng.reporters.JUnitReportReporter -->
<testsuite hostname="admin" failures="0" tests="2" name="L24_TestNG.Ex03_EmailableReport" time="0.017" errors="0" timestamp="2024-06-30T15:37:58 IST" skipped="0">
  <testcase classname="L24_TestNG.Ex03_EmailableReport" name="TC1" time="0.016">
    <system-out>
      <![CDATA[--running TC1--]]>
    </system-out>
  </testcase> <!-- TC1 -->
  <testcase classname="L24_TestNG.Ex03_EmailableReport" name="TC2" time="0.001">
    <system-out>
      <![CDATA[--running TC2--]]>
    </system-out>
  </testcase> <!-- TC2 -->
  <system-out>
    <![CDATA[--running TC1--
--running TC2--]]>
  </system-out>
</testsuite> <!-- L24_TestNG.Ex03_EmailableReport -->
